<?xml version="1.0" encoding="UTF-8"?>
<testsuite xmlns:xsi="http://www.w3.org/2001/XMLSchema-instance" xsi:noNamespaceSchemaLocation="https://maven.apache.org/surefire/maven-surefire-plugin/xsd/surefire-test-report.xsd" name="UnbxdTests.testNG.consoleui.ExpTest" time="419.074" tests="5" errors="0" skipped="0" failures="2">
  <properties>
    <property name="java.specification.version" value="17"/>
    <property name="sun.jnu.encoding" value="UTF-8"/>
    <property name="java.class.path" value="/Users/unbxd/Downloads/UNBXD-QA-RECS/target/test-classes:/Users/unbxd/Downloads/UNBXD-QA-RECS/target/classes:/Users/unbxd/.m2/repository/org/fluentlenium/fluentlenium-core/0.10.3/fluentlenium-core-0.10.3.jar:/Users/unbxd/.m2/repository/org/seleniumhq/selenium/selenium-java/2.44.0/selenium-java-2.44.0.jar:/Users/unbxd/.m2/repository/org/seleniumhq/selenium/selenium-htmlunit-driver/2.44.0/selenium-htmlunit-driver-2.44.0.jar:/Users/unbxd/.m2/repository/org/seleniumhq/selenium/selenium-ie-driver/2.44.0/selenium-ie-driver-2.44.0.jar:/Users/unbxd/.m2/repository/net/java/dev/jna/platform/3.4.0/platform-3.4.0.jar:/Users/unbxd/.m2/repository/org/seleniumhq/selenium/selenium-safari-driver/2.44.0/selenium-safari-driver-2.44.0.jar:/Users/unbxd/.m2/repository/org/webbitserver/webbit/0.4.14/webbit-0.4.14.jar:/Users/unbxd/.m2/repository/io/netty/netty/3.5.2.Final/netty-3.5.2.Final.jar:/Users/unbxd/.m2/repository/org/seleniumhq/selenium/selenium-chrome-driver/2.53.1/selenium-chrome-driver-2.53.1.jar:/Users/unbxd/.m2/repository/org/seleniumhq/selenium/selenium-remote-driver/2.53.1/selenium-remote-driver-2.53.1.jar:/Users/unbxd/.m2/repository/cglib/cglib-nodep/2.1_3/cglib-nodep-2.1_3.jar:/Users/unbxd/.m2/repository/org/seleniumhq/selenium/selenium-api/2.53.1/selenium-api-2.53.1.jar:/Users/unbxd/.m2/repository/com/google/guava/guava/19.0/guava-19.0.jar:/Users/unbxd/.m2/repository/net/java/dev/jna/jna/4.1.0/jna-4.1.0.jar:/Users/unbxd/.m2/repository/net/java/dev/jna/jna-platform/4.1.0/jna-platform-4.1.0.jar:/Users/unbxd/.m2/repository/org/seleniumhq/selenium/selenium-firefox-driver/2.53.1/selenium-firefox-driver-2.53.1.jar:/Users/unbxd/.m2/repository/commons-io/commons-io/2.4/commons-io-2.4.jar:/Users/unbxd/.m2/repository/org/apache/commons/commons-exec/1.3/commons-exec-1.3.jar:/Users/unbxd/.m2/repository/org/seleniumhq/selenium/selenium-support/2.53.1/selenium-support-2.53.1.jar:/Users/unbxd/.m2/repository/net/sourceforge/htmlunit/htmlunit/2.36.0/htmlunit-2.36.0.jar:/Users/unbxd/.m2/repository/xalan/xalan/2.7.2/xalan-2.7.2.jar:/Users/unbxd/.m2/repository/xalan/serializer/2.7.2/serializer-2.7.2.jar:/Users/unbxd/.m2/repository/org/apache/commons/commons-lang3/3.9/commons-lang3-3.9.jar:/Users/unbxd/.m2/repository/org/apache/commons/commons-text/1.7/commons-text-1.7.jar:/Users/unbxd/.m2/repository/org/apache/httpcomponents/httpmime/4.5.9/httpmime-4.5.9.jar:/Users/unbxd/.m2/repository/net/sourceforge/htmlunit/htmlunit-core-js/2.36.0/htmlunit-core-js-2.36.0.jar:/Users/unbxd/.m2/repository/net/sourceforge/htmlunit/neko-htmlunit/2.36.0/neko-htmlunit-2.36.0.jar:/Users/unbxd/.m2/repository/xerces/xercesImpl/2.12.0/xercesImpl-2.12.0.jar:/Users/unbxd/.m2/repository/xml-apis/xml-apis/1.4.01/xml-apis-1.4.01.jar:/Users/unbxd/.m2/repository/net/sourceforge/htmlunit/htmlunit-cssparser/1.5.0/htmlunit-cssparser-1.5.0.jar:/Users/unbxd/.m2/repository/commons-logging/commons-logging/1.2/commons-logging-1.2.jar:/Users/unbxd/.m2/repository/commons-net/commons-net/3.6/commons-net-3.6.jar:/Users/unbxd/.m2/repository/org/brotli/dec/0.1.2/dec-0.1.2.jar:/Users/unbxd/.m2/repository/org/eclipse/jetty/websocket/websocket-client/9.4.20.v20190813/websocket-client-9.4.20.v20190813.jar:/Users/unbxd/.m2/repository/org/eclipse/jetty/jetty-client/9.4.20.v20190813/jetty-client-9.4.20.v20190813.jar:/Users/unbxd/.m2/repository/org/eclipse/jetty/jetty-http/9.4.20.v20190813/jetty-http-9.4.20.v20190813.jar:/Users/unbxd/.m2/repository/org/eclipse/jetty/jetty-xml/9.4.20.v20190813/jetty-xml-9.4.20.v20190813.jar:/Users/unbxd/.m2/repository/org/eclipse/jetty/jetty-util/9.4.20.v20190813/jetty-util-9.4.20.v20190813.jar:/Users/unbxd/.m2/repository/org/eclipse/jetty/jetty-io/9.4.20.v20190813/jetty-io-9.4.20.v20190813.jar:/Users/unbxd/.m2/repository/org/eclipse/jetty/websocket/websocket-common/9.4.20.v20190813/websocket-common-9.4.20.v20190813.jar:/Users/unbxd/.m2/repository/org/eclipse/jetty/websocket/websocket-api/9.4.20.v20190813/websocket-api-9.4.20.v20190813.jar:/Users/unbxd/.m2/repository/commons-configuration/commons-configuration/1.10/commons-configuration-1.10.jar:/Users/unbxd/.m2/repository/log4j/log4j/1.2.17/log4j-1.2.17.jar:/Users/unbxd/.m2/repository/commons-lang/commons-lang/2.6/commons-lang-2.6.jar:/Users/unbxd/.m2/repository/org/testng/testng/7.7.1/testng-7.7.1.jar:/Users/unbxd/.m2/repository/org/slf4j/slf4j-api/1.7.36/slf4j-api-1.7.36.jar:/Users/unbxd/.m2/repository/com/beust/jcommander/1.82/jcommander-1.82.jar:/Users/unbxd/.m2/repository/org/webjars/jquery/3.6.1/jquery-3.6.1.jar:/Users/unbxd/.m2/repository/com/ullink/slack/simpleslackapi/1.2.0/simpleslackapi-1.2.0.jar:/Users/unbxd/.m2/repository/com/google/code/gson/gson/2.8.0/gson-2.8.0.jar:/Users/unbxd/.m2/repository/org/apache/httpcomponents/httpclient/4.5.3/httpclient-4.5.3.jar:/Users/unbxd/.m2/repository/org/apache/httpcomponents/httpcore/4.4.6/httpcore-4.4.6.jar:/Users/unbxd/.m2/repository/commons-codec/commons-codec/1.9/commons-codec-1.9.jar:/Users/unbxd/.m2/repository/org/threeten/threetenbp/1.3.1/threetenbp-1.3.1.jar:/Users/unbxd/.m2/repository/org/glassfish/tyrus/bundles/tyrus-standalone-client/1.13.1/tyrus-standalone-client-1.13.1.jar:/Users/unbxd/.m2/repository/javax/websocket/javax.websocket-api/1.1/javax.websocket-api-1.1.jar:/Users/unbxd/.m2/repository/javax/mail/javax.mail-api/1.5.5/javax.mail-api-1.5.5.jar:/Users/unbxd/.m2/repository/com/sun/mail/javax.mail/1.5.5/javax.mail-1.5.5.jar:/Users/unbxd/.m2/repository/javax/activation/activation/1.1/activation-1.1.jar:/Users/unbxd/.m2/repository/au/com/bytecode/opencsv/2.4/opencsv-2.4.jar:/Users/unbxd/.m2/repository/com/mysql/mysql-connector-j/8.0.33/mysql-connector-j-8.0.33.jar:/Users/unbxd/.m2/repository/com/google/protobuf/protobuf-java/3.21.9/protobuf-java-3.21.9.jar:/Users/unbxd/.m2/repository/org/projectlombok/lombok/1.18.30/lombok-1.18.30.jar:/Users/unbxd/.m2/repository/com/aventstack/extentreports/5.1.1/extentreports-5.1.1.jar:/Users/unbxd/.m2/repository/io/reactivex/rxjava3/rxjava/3.1.6/rxjava-3.1.6.jar:/Users/unbxd/.m2/repository/org/reactivestreams/reactive-streams/1.0.4/reactive-streams-1.0.4.jar:/Users/unbxd/.m2/repository/org/freemarker/freemarker/2.3.32/freemarker-2.3.32.jar:/Users/unbxd/.m2/repository/com/github/javafaker/javafaker/1.0.2/javafaker-1.0.2.jar:/Users/unbxd/.m2/repository/org/yaml/snakeyaml/1.23/snakeyaml-1.23-android.jar:/Users/unbxd/.m2/repository/com/github/mifmif/generex/1.0.2/generex-1.0.2.jar:/Users/unbxd/.m2/repository/dk/brics/automaton/automaton/1.11-8/automaton-1.11-8.jar:/Users/unbxd/.m2/repository/org/yaml/snakeyaml/1.29/snakeyaml-1.29.jar:/Users/unbxd/.m2/repository/io/rest-assured/rest-assured/4.5.1/rest-assured-4.5.1.jar:/Users/unbxd/.m2/repository/org/codehaus/groovy/groovy/3.0.9/groovy-3.0.9.jar:/Users/unbxd/.m2/repository/org/codehaus/groovy/groovy-xml/3.0.9/groovy-xml-3.0.9.jar:/Users/unbxd/.m2/repository/org/hamcrest/hamcrest/2.1/hamcrest-2.1.jar:/Users/unbxd/.m2/repository/org/ccil/cowan/tagsoup/tagsoup/1.2.1/tagsoup-1.2.1.jar:/Users/unbxd/.m2/repository/io/rest-assured/json-path/4.5.1/json-path-4.5.1.jar:/Users/unbxd/.m2/repository/org/codehaus/groovy/groovy-json/3.0.9/groovy-json-3.0.9.jar:/Users/unbxd/.m2/repository/io/rest-assured/rest-assured-common/4.5.1/rest-assured-common-4.5.1.jar:/Users/unbxd/.m2/repository/io/rest-assured/xml-path/4.5.1/xml-path-4.5.1.jar:"/>
    <property name="java.vm.vendor" value="OpenLogic"/>
    <property name="sun.arch.data.model" value="64"/>
    <property name="java.vendor.url" value="https://openlogic.com/"/>
    <property name="os.name" value="Mac OS X"/>
    <property name="java.vm.specification.version" value="17"/>
    <property name="sun.java.launcher" value="SUN_STANDARD"/>
    <property name="user.country" value="IN"/>
    <property name="sun.boot.library.path" value="/Users/unbxd/Library/Application Support/fire-flink-client/JDK/jdk-11.1/Contents/Home/lib"/>
    <property name="sun.java.command" value="/Users/unbxd/Downloads/UNBXD-QA-RECS/target/surefire/surefirebooter7029539755971566987.jar /Users/unbxd/Downloads/UNBXD-QA-RECS/target/surefire 2025-07-26T12-07-38_171-jvmRun1 surefire14204489060433087134tmp surefire_0681954105202983134tmp"/>
    <property name="http.nonProxyHosts" value="local|*.local|169.254/16|*.169.254/16"/>
    <property name="jdk.debug" value="release"/>
    <property name="test" value="ExpTest"/>
    <property name="surefire.test.class.path" value="/Users/unbxd/Downloads/UNBXD-QA-RECS/target/test-classes:/Users/unbxd/Downloads/UNBXD-QA-RECS/target/classes:/Users/unbxd/.m2/repository/org/fluentlenium/fluentlenium-core/0.10.3/fluentlenium-core-0.10.3.jar:/Users/unbxd/.m2/repository/org/seleniumhq/selenium/selenium-java/2.44.0/selenium-java-2.44.0.jar:/Users/unbxd/.m2/repository/org/seleniumhq/selenium/selenium-htmlunit-driver/2.44.0/selenium-htmlunit-driver-2.44.0.jar:/Users/unbxd/.m2/repository/org/seleniumhq/selenium/selenium-ie-driver/2.44.0/selenium-ie-driver-2.44.0.jar:/Users/unbxd/.m2/repository/net/java/dev/jna/platform/3.4.0/platform-3.4.0.jar:/Users/unbxd/.m2/repository/org/seleniumhq/selenium/selenium-safari-driver/2.44.0/selenium-safari-driver-2.44.0.jar:/Users/unbxd/.m2/repository/org/webbitserver/webbit/0.4.14/webbit-0.4.14.jar:/Users/unbxd/.m2/repository/io/netty/netty/3.5.2.Final/netty-3.5.2.Final.jar:/Users/unbxd/.m2/repository/org/seleniumhq/selenium/selenium-chrome-driver/2.53.1/selenium-chrome-driver-2.53.1.jar:/Users/unbxd/.m2/repository/org/seleniumhq/selenium/selenium-remote-driver/2.53.1/selenium-remote-driver-2.53.1.jar:/Users/unbxd/.m2/repository/cglib/cglib-nodep/2.1_3/cglib-nodep-2.1_3.jar:/Users/unbxd/.m2/repository/org/seleniumhq/selenium/selenium-api/2.53.1/selenium-api-2.53.1.jar:/Users/unbxd/.m2/repository/com/google/guava/guava/19.0/guava-19.0.jar:/Users/unbxd/.m2/repository/net/java/dev/jna/jna/4.1.0/jna-4.1.0.jar:/Users/unbxd/.m2/repository/net/java/dev/jna/jna-platform/4.1.0/jna-platform-4.1.0.jar:/Users/unbxd/.m2/repository/org/seleniumhq/selenium/selenium-firefox-driver/2.53.1/selenium-firefox-driver-2.53.1.jar:/Users/unbxd/.m2/repository/commons-io/commons-io/2.4/commons-io-2.4.jar:/Users/unbxd/.m2/repository/org/apache/commons/commons-exec/1.3/commons-exec-1.3.jar:/Users/unbxd/.m2/repository/org/seleniumhq/selenium/selenium-support/2.53.1/selenium-support-2.53.1.jar:/Users/unbxd/.m2/repository/net/sourceforge/htmlunit/htmlunit/2.36.0/htmlunit-2.36.0.jar:/Users/unbxd/.m2/repository/xalan/xalan/2.7.2/xalan-2.7.2.jar:/Users/unbxd/.m2/repository/xalan/serializer/2.7.2/serializer-2.7.2.jar:/Users/unbxd/.m2/repository/org/apache/commons/commons-lang3/3.9/commons-lang3-3.9.jar:/Users/unbxd/.m2/repository/org/apache/commons/commons-text/1.7/commons-text-1.7.jar:/Users/unbxd/.m2/repository/org/apache/httpcomponents/httpmime/4.5.9/httpmime-4.5.9.jar:/Users/unbxd/.m2/repository/net/sourceforge/htmlunit/htmlunit-core-js/2.36.0/htmlunit-core-js-2.36.0.jar:/Users/unbxd/.m2/repository/net/sourceforge/htmlunit/neko-htmlunit/2.36.0/neko-htmlunit-2.36.0.jar:/Users/unbxd/.m2/repository/xerces/xercesImpl/2.12.0/xercesImpl-2.12.0.jar:/Users/unbxd/.m2/repository/xml-apis/xml-apis/1.4.01/xml-apis-1.4.01.jar:/Users/unbxd/.m2/repository/net/sourceforge/htmlunit/htmlunit-cssparser/1.5.0/htmlunit-cssparser-1.5.0.jar:/Users/unbxd/.m2/repository/commons-logging/commons-logging/1.2/commons-logging-1.2.jar:/Users/unbxd/.m2/repository/commons-net/commons-net/3.6/commons-net-3.6.jar:/Users/unbxd/.m2/repository/org/brotli/dec/0.1.2/dec-0.1.2.jar:/Users/unbxd/.m2/repository/org/eclipse/jetty/websocket/websocket-client/9.4.20.v20190813/websocket-client-9.4.20.v20190813.jar:/Users/unbxd/.m2/repository/org/eclipse/jetty/jetty-client/9.4.20.v20190813/jetty-client-9.4.20.v20190813.jar:/Users/unbxd/.m2/repository/org/eclipse/jetty/jetty-http/9.4.20.v20190813/jetty-http-9.4.20.v20190813.jar:/Users/unbxd/.m2/repository/org/eclipse/jetty/jetty-xml/9.4.20.v20190813/jetty-xml-9.4.20.v20190813.jar:/Users/unbxd/.m2/repository/org/eclipse/jetty/jetty-util/9.4.20.v20190813/jetty-util-9.4.20.v20190813.jar:/Users/unbxd/.m2/repository/org/eclipse/jetty/jetty-io/9.4.20.v20190813/jetty-io-9.4.20.v20190813.jar:/Users/unbxd/.m2/repository/org/eclipse/jetty/websocket/websocket-common/9.4.20.v20190813/websocket-common-9.4.20.v20190813.jar:/Users/unbxd/.m2/repository/org/eclipse/jetty/websocket/websocket-api/9.4.20.v20190813/websocket-api-9.4.20.v20190813.jar:/Users/unbxd/.m2/repository/commons-configuration/commons-configuration/1.10/commons-configuration-1.10.jar:/Users/unbxd/.m2/repository/log4j/log4j/1.2.17/log4j-1.2.17.jar:/Users/unbxd/.m2/repository/commons-lang/commons-lang/2.6/commons-lang-2.6.jar:/Users/unbxd/.m2/repository/org/testng/testng/7.7.1/testng-7.7.1.jar:/Users/unbxd/.m2/repository/org/slf4j/slf4j-api/1.7.36/slf4j-api-1.7.36.jar:/Users/unbxd/.m2/repository/com/beust/jcommander/1.82/jcommander-1.82.jar:/Users/unbxd/.m2/repository/org/webjars/jquery/3.6.1/jquery-3.6.1.jar:/Users/unbxd/.m2/repository/com/ullink/slack/simpleslackapi/1.2.0/simpleslackapi-1.2.0.jar:/Users/unbxd/.m2/repository/com/google/code/gson/gson/2.8.0/gson-2.8.0.jar:/Users/unbxd/.m2/repository/org/apache/httpcomponents/httpclient/4.5.3/httpclient-4.5.3.jar:/Users/unbxd/.m2/repository/org/apache/httpcomponents/httpcore/4.4.6/httpcore-4.4.6.jar:/Users/unbxd/.m2/repository/commons-codec/commons-codec/1.9/commons-codec-1.9.jar:/Users/unbxd/.m2/repository/org/threeten/threetenbp/1.3.1/threetenbp-1.3.1.jar:/Users/unbxd/.m2/repository/org/glassfish/tyrus/bundles/tyrus-standalone-client/1.13.1/tyrus-standalone-client-1.13.1.jar:/Users/unbxd/.m2/repository/javax/websocket/javax.websocket-api/1.1/javax.websocket-api-1.1.jar:/Users/unbxd/.m2/repository/javax/mail/javax.mail-api/1.5.5/javax.mail-api-1.5.5.jar:/Users/unbxd/.m2/repository/com/sun/mail/javax.mail/1.5.5/javax.mail-1.5.5.jar:/Users/unbxd/.m2/repository/javax/activation/activation/1.1/activation-1.1.jar:/Users/unbxd/.m2/repository/au/com/bytecode/opencsv/2.4/opencsv-2.4.jar:/Users/unbxd/.m2/repository/com/mysql/mysql-connector-j/8.0.33/mysql-connector-j-8.0.33.jar:/Users/unbxd/.m2/repository/com/google/protobuf/protobuf-java/3.21.9/protobuf-java-3.21.9.jar:/Users/unbxd/.m2/repository/org/projectlombok/lombok/1.18.30/lombok-1.18.30.jar:/Users/unbxd/.m2/repository/com/aventstack/extentreports/5.1.1/extentreports-5.1.1.jar:/Users/unbxd/.m2/repository/io/reactivex/rxjava3/rxjava/3.1.6/rxjava-3.1.6.jar:/Users/unbxd/.m2/repository/org/reactivestreams/reactive-streams/1.0.4/reactive-streams-1.0.4.jar:/Users/unbxd/.m2/repository/org/freemarker/freemarker/2.3.32/freemarker-2.3.32.jar:/Users/unbxd/.m2/repository/com/github/javafaker/javafaker/1.0.2/javafaker-1.0.2.jar:/Users/unbxd/.m2/repository/org/yaml/snakeyaml/1.23/snakeyaml-1.23-android.jar:/Users/unbxd/.m2/repository/com/github/mifmif/generex/1.0.2/generex-1.0.2.jar:/Users/unbxd/.m2/repository/dk/brics/automaton/automaton/1.11-8/automaton-1.11-8.jar:/Users/unbxd/.m2/repository/org/yaml/snakeyaml/1.29/snakeyaml-1.29.jar:/Users/unbxd/.m2/repository/io/rest-assured/rest-assured/4.5.1/rest-assured-4.5.1.jar:/Users/unbxd/.m2/repository/org/codehaus/groovy/groovy/3.0.9/groovy-3.0.9.jar:/Users/unbxd/.m2/repository/org/codehaus/groovy/groovy-xml/3.0.9/groovy-xml-3.0.9.jar:/Users/unbxd/.m2/repository/org/hamcrest/hamcrest/2.1/hamcrest-2.1.jar:/Users/unbxd/.m2/repository/org/ccil/cowan/tagsoup/tagsoup/1.2.1/tagsoup-1.2.1.jar:/Users/unbxd/.m2/repository/io/rest-assured/json-path/4.5.1/json-path-4.5.1.jar:/Users/unbxd/.m2/repository/org/codehaus/groovy/groovy-json/3.0.9/groovy-json-3.0.9.jar:/Users/unbxd/.m2/repository/io/rest-assured/rest-assured-common/4.5.1/rest-assured-common-4.5.1.jar:/Users/unbxd/.m2/repository/io/rest-assured/xml-path/4.5.1/xml-path-4.5.1.jar:"/>
    <property name="sun.cpu.endian" value="little"/>
    <property name="user.home" value="/Users/unbxd"/>
    <property name="user.language" value="en"/>
    <property name="java.specification.vendor" value="Oracle Corporation"/>
    <property name="java.version.date" value="2024-04-16"/>
    <property name="java.home" value="/Users/unbxd/Library/Application Support/fire-flink-client/JDK/jdk-11.1/Contents/Home"/>
    <property name="file.separator" value="/"/>
    <property name="basedir" value="/Users/unbxd/Downloads/UNBXD-QA-RECS"/>
    <property name="java.vm.compressedOopsMode" value="Zero based"/>
    <property name="line.separator" value="&#10;"/>
    <property name="java.vm.specification.vendor" value="Oracle Corporation"/>
    <property name="java.specification.name" value="Java Platform API Specification"/>
    <property name="surefire.real.class.path" value="/Users/unbxd/Downloads/UNBXD-QA-RECS/target/surefire/surefirebooter7029539755971566987.jar"/>
    <property name="sun.management.compiler" value="HotSpot 64-Bit Tiered Compilers"/>
    <property name="ftp.nonProxyHosts" value="local|*.local|169.254/16|*.169.254/16"/>
    <property name="java.runtime.version" value="17.0.11+9-adhoc.admin.jdk17u"/>
    <property name="user.name" value="unbxd"/>
    <property name="path.separator" value=":"/>
    <property name="os.version" value="15.5"/>
    <property name="java.runtime.name" value="OpenJDK Runtime Environment"/>
    <property name="file.encoding" value="UTF-8"/>
    <property name="java.vm.name" value="OpenJDK 64-Bit Server VM"/>
    <property name="java.vendor.version" value="OpenLogic-OpenJDK"/>
    <property name="localRepository" value="/Users/unbxd/.m2/repository"/>
    <property name="java.vendor.url.bug" value="https://techsupport.roguewave.com/"/>
    <property name="java.io.tmpdir" value="/var/folders/jq/g7t0y59s7lnbqlgfqv3kgyph0000gn/T/"/>
    <property name="java.version" value="17.0.11"/>
    <property name="user.dir" value="/Users/unbxd/Downloads/UNBXD-QA-RECS"/>
    <property name="os.arch" value="x86_64"/>
    <property name="java.vm.specification.name" value="Java Virtual Machine Specification"/>
    <property name="native.encoding" value="UTF-8"/>
    <property name="java.library.path" value="/Users/unbxd/Library/Java/Extensions:/Library/Java/Extensions:/Network/Library/Java/Extensions:/System/Library/Java/Extensions:/usr/lib/java:."/>
    <property name="java.vm.info" value="mixed mode, sharing"/>
    <property name="java.vendor" value="OpenLogic"/>
    <property name="java.vm.version" value="17.0.11+9-adhoc.admin.jdk17u"/>
    <property name="sun.io.unicode.encoding" value="UnicodeBig"/>
    <property name="socksNonProxyHosts" value="local|*.local|169.254/16|*.169.254/16"/>
    <property name="java.class.version" value="61.0"/>
  </properties>
  <testcase name="createExperienceTest" classname="UnbxdTests.testNG.consoleui.ExpTest" time="59.175"/>
  <testcase name="createExperienceTest" classname="UnbxdTests.testNG.consoleui.ExpTest" time="72.163">
    <failure message="no such element: Unable to locate element: {&quot;method&quot;:&quot;css selector&quot;,&quot;selector&quot;:&quot;input[placeholder=&apos;Search for Experience&apos;]&quot;}&#10;  (Session info: chrome=138.0.7204.169)&#10;  (Driver info: chromedriver=138.0.7204.0 (4a1d877cbb1ca17ac2f470accb357164d0f9b7be-refs/branch-heads/7204@{#1}),platform=Mac OS X 15.5.0 x86_64) (WARNING: The server did not provide any stacktrace information)&#10;Command duration or timeout: 19.97 seconds&#10;For documentation on this error, please visit: http://seleniumhq.org/exceptions/no_such_element.html&#10;Build info: version: &apos;2.53.1&apos;, revision: &apos;a36b8b1cd5757287168e54b817830adce9b0158d&apos;, time: &apos;2016-06-30 19:26:09&apos;&#10;System info: host: &apos;akhilsurigi.local&apos;, ip: &apos;127.0.0.1&apos;, os.name: &apos;Mac OS X&apos;, os.arch: &apos;x86_64&apos;, os.version: &apos;15.5&apos;, java.version: &apos;17.0.11&apos;&#10;Driver info: org.openqa.selenium.chrome.ChromeDriver&#10;Capabilities [{mobileEmulationEnabled=false, timeouts={implicit=0, pageLoad=300000, script=30000}, hasTouchScreen=false, platform=MAC, acceptSslCerts=false, goog:chromeOptions={debuggerAddress=localhost:55943}, webauthn:extension:credBlob=true, acceptInsecureCerts=false, fedcm:accounts=true, webStorageEnabled=true, browserName=chrome, takesScreenshot=true, javascriptEnabled=true, setWindowRect=true, webauthn:extension:largeBlob=true, unexpectedAlertBehaviour=ignore, rotatable=false, networkConnectionEnabled=false, chrome={chromedriverVersion=138.0.7204.0 (4a1d877cbb1ca17ac2f470accb357164d0f9b7be-refs/branch-heads/7204@{#1}), userDataDir=/var/folders/jq/g7t0y59s7lnbqlgfqv3kgyph0000gn/T/.org.chromium.Chromium.7CLaHA}, takesHeapSnapshot=true, pageLoadStrategy=normal, strictFileInteractability=false, databaseEnabled=false, handlesAlerts=true, version=138.0.7204.169, browserConnectionEnabled=false, proxy={}, nativeEvents=true, webauthn:extension:minPinLength=true, webauthn:extension:prf=true, locationContextEnabled=true, cssSelectorsEnabled=true, webauthn:virtualAuthenticators=true}]&#10;Session ID: c5d579b09d598f7b4f005053c9bea0ca&#10;*** Element info: {Using=css selector, value=input[placeholder=&apos;Search for Experience&apos;]}" type="org.openqa.selenium.NoSuchElementException">org.openqa.selenium.NoSuchElementException: 
no such element: Unable to locate element: {"method":"css selector","selector":"input[placeholder='Search for Experience']"}
  (Session info: chrome=138.0.7204.169)
  (Driver info: chromedriver=138.0.7204.0 (4a1d877cbb1ca17ac2f470accb357164d0f9b7be-refs/branch-heads/7204@{#1}),platform=Mac OS X 15.5.0 x86_64) (WARNING: The server did not provide any stacktrace information)
Command duration or timeout: 19.97 seconds
For documentation on this error, please visit: http://seleniumhq.org/exceptions/no_such_element.html
Build info: version: '2.53.1', revision: 'a36b8b1cd5757287168e54b817830adce9b0158d', time: '2016-06-30 19:26:09'
System info: host: 'akhilsurigi.local', ip: '127.0.0.1', os.name: 'Mac OS X', os.arch: 'x86_64', os.version: '15.5', java.version: '17.0.11'
Driver info: org.openqa.selenium.chrome.ChromeDriver
Capabilities [{mobileEmulationEnabled=false, timeouts={implicit=0, pageLoad=300000, script=30000}, hasTouchScreen=false, platform=MAC, acceptSslCerts=false, goog:chromeOptions={debuggerAddress=localhost:55943}, webauthn:extension:credBlob=true, acceptInsecureCerts=false, fedcm:accounts=true, webStorageEnabled=true, browserName=chrome, takesScreenshot=true, javascriptEnabled=true, setWindowRect=true, webauthn:extension:largeBlob=true, unexpectedAlertBehaviour=ignore, rotatable=false, networkConnectionEnabled=false, chrome={chromedriverVersion=138.0.7204.0 (4a1d877cbb1ca17ac2f470accb357164d0f9b7be-refs/branch-heads/7204@{#1}), userDataDir=/var/folders/jq/g7t0y59s7lnbqlgfqv3kgyph0000gn/T/.org.chromium.Chromium.7CLaHA}, takesHeapSnapshot=true, pageLoadStrategy=normal, strictFileInteractability=false, databaseEnabled=false, handlesAlerts=true, version=138.0.7204.169, browserConnectionEnabled=false, proxy={}, nativeEvents=true, webauthn:extension:minPinLength=true, webauthn:extension:prf=true, locationContextEnabled=true, cssSelectorsEnabled=true, webauthn:virtualAuthenticators=true}]
Session ID: c5d579b09d598f7b4f005053c9bea0ca
*** Element info: {Using=css selector, value=input[placeholder='Search for Experience']}
	at UnbxdTests.testNG.consoleui.ExpTest.createExperienceTest(ExpTest.java:61)
</failure>
    <system-out><![CDATA[Available widget options:
''
''
''
''
''
''
''
''
'No Widget'
'WIDGET 1'
]]></system-out>
  </testcase>
  <testcase name="createExperienceTest" classname="UnbxdTests.testNG.consoleui.ExpTest" time="103.598"/>
  <testcase name="createExperienceTest" classname="UnbxdTests.testNG.consoleui.ExpTest" time="54.919">
    <failure message="element click intercepted: Element &lt;span class=&quot;primary-label&quot;&gt;...&lt;/span&gt; is not clickable at point (792, 555). Other element would receive the click: &lt;span class=&quot;primary-label&quot;&gt;...&lt;/span&gt;&#10;  (Session info: chrome=138.0.7204.169)&#10;  (Driver info: chromedriver=138.0.7204.0 (4a1d877cbb1ca17ac2f470accb357164d0f9b7be-refs/branch-heads/7204@{#1}),platform=Mac OS X 15.5.0 x86_64) (WARNING: The server did not provide any stacktrace information)&#10;Command duration or timeout: 1.06 seconds&#10;Build info: version: &apos;2.53.1&apos;, revision: &apos;a36b8b1cd5757287168e54b817830adce9b0158d&apos;, time: &apos;2016-06-30 19:26:09&apos;&#10;System info: host: &apos;akhilsurigi.local&apos;, ip: &apos;127.0.0.1&apos;, os.name: &apos;Mac OS X&apos;, os.arch: &apos;x86_64&apos;, os.version: &apos;15.5&apos;, java.version: &apos;17.0.11&apos;&#10;Driver info: org.openqa.selenium.chrome.ChromeDriver&#10;Capabilities [{mobileEmulationEnabled=false, timeouts={implicit=0, pageLoad=300000, script=30000}, hasTouchScreen=false, platform=MAC, acceptSslCerts=false, goog:chromeOptions={debuggerAddress=localhost:55943}, webauthn:extension:credBlob=true, acceptInsecureCerts=false, fedcm:accounts=true, webStorageEnabled=true, browserName=chrome, takesScreenshot=true, javascriptEnabled=true, setWindowRect=true, webauthn:extension:largeBlob=true, unexpectedAlertBehaviour=ignore, rotatable=false, networkConnectionEnabled=false, chrome={chromedriverVersion=138.0.7204.0 (4a1d877cbb1ca17ac2f470accb357164d0f9b7be-refs/branch-heads/7204@{#1}), userDataDir=/var/folders/jq/g7t0y59s7lnbqlgfqv3kgyph0000gn/T/.org.chromium.Chromium.7CLaHA}, takesHeapSnapshot=true, pageLoadStrategy=normal, strictFileInteractability=false, databaseEnabled=false, handlesAlerts=true, version=138.0.7204.169, browserConnectionEnabled=false, proxy={}, nativeEvents=true, webauthn:extension:minPinLength=true, webauthn:extension:prf=true, locationContextEnabled=true, cssSelectorsEnabled=true, webauthn:virtualAuthenticators=true}]&#10;Session ID: c5d579b09d598f7b4f005053c9bea0ca" type="org.openqa.selenium.WebDriverException"><![CDATA[org.openqa.selenium.WebDriverException: 
element click intercepted: Element <span class="primary-label">...</span> is not clickable at point (792, 555). Other element would receive the click: <span class="primary-label">...</span>
  (Session info: chrome=138.0.7204.169)
  (Driver info: chromedriver=138.0.7204.0 (4a1d877cbb1ca17ac2f470accb357164d0f9b7be-refs/branch-heads/7204@{#1}),platform=Mac OS X 15.5.0 x86_64) (WARNING: The server did not provide any stacktrace information)
Command duration or timeout: 1.06 seconds
Build info: version: '2.53.1', revision: 'a36b8b1cd5757287168e54b817830adce9b0158d', time: '2016-06-30 19:26:09'
System info: host: 'akhilsurigi.local', ip: '127.0.0.1', os.name: 'Mac OS X', os.arch: 'x86_64', os.version: '15.5', java.version: '17.0.11'
Driver info: org.openqa.selenium.chrome.ChromeDriver
Capabilities [{mobileEmulationEnabled=false, timeouts={implicit=0, pageLoad=300000, script=30000}, hasTouchScreen=false, platform=MAC, acceptSslCerts=false, goog:chromeOptions={debuggerAddress=localhost:55943}, webauthn:extension:credBlob=true, acceptInsecureCerts=false, fedcm:accounts=true, webStorageEnabled=true, browserName=chrome, takesScreenshot=true, javascriptEnabled=true, setWindowRect=true, webauthn:extension:largeBlob=true, unexpectedAlertBehaviour=ignore, rotatable=false, networkConnectionEnabled=false, chrome={chromedriverVersion=138.0.7204.0 (4a1d877cbb1ca17ac2f470accb357164d0f9b7be-refs/branch-heads/7204@{#1}), userDataDir=/var/folders/jq/g7t0y59s7lnbqlgfqv3kgyph0000gn/T/.org.chromium.Chromium.7CLaHA}, takesHeapSnapshot=true, pageLoadStrategy=normal, strictFileInteractability=false, databaseEnabled=false, handlesAlerts=true, version=138.0.7204.169, browserConnectionEnabled=false, proxy={}, nativeEvents=true, webauthn:extension:minPinLength=true, webauthn:extension:prf=true, locationContextEnabled=true, cssSelectorsEnabled=true, webauthn:virtualAuthenticators=true}]
Session ID: c5d579b09d598f7b4f005053c9bea0ca
	at UnbxdTests.testNG.consoleui.ExpTest.createExperienceTest(ExpTest.java:58)
]]></failure>
    <system-out><![CDATA[Available widget options:
''
''
''
''
''
''
''
''
'No Widget'
'WIDGET 1'
]]></system-out>
  </testcase>
  <testcase name="createExperienceTest" classname="UnbxdTests.testNG.consoleui.ExpTest" time="104.082"/>
</testsuite>